e:\360data\重要数据\我的文档\visual studio 2013\projects\hms_bckup\hms\hms\debug\vc120.pdb
e:\360data\重要数据\我的文档\visual studio 2013\projects\hms_bckup\hms\hms\debug\vc120.idb
e:\360data\重要数据\我的文档\visual studio 2013\projects\hms_bckup\hms\hms\debug\hms.pch
e:\360data\重要数据\我的文档\visual studio 2013\projects\hms_bckup\hms\hms\debug\stdafx.obj
e:\360data\重要数据\我的文档\visual studio 2013\projects\hms_bckup\hms\hms\debug\hms.obj
e:\360data\重要数据\我的文档\visual studio 2013\projects\hms_bckup\hms\hms\debug\home.obj
e:\360data\重要数据\我的文档\visual studio 2013\projects\hms_bckup\hms\hms\debug\user.obj
e:\360data\重要数据\我的文档\visual studio 2013\projects\hms_bckup\hms\hms\debug\booking.obj
e:\360data\重要数据\我的文档\visual studio 2013\projects\hms_bckup\hms\hms\debug\client.obj
e:\360data\重要数据\我的文档\visual studio 2013\projects\hms_bckup\hms\hms\debug\customer.obj
e:\360data\重要数据\我的文档\visual studio 2013\projects\hms_bckup\hms\hms\debug\staff.obj
e:\360data\重要数据\我的文档\visual studio 2013\projects\hms_bckup\hms\debug\hms.ilk
e:\360data\重要数据\我的文档\visual studio 2013\projects\hms_bckup\hms\debug\hms.exe
e:\360data\重要数据\我的文档\visual studio 2013\projects\hms_bckup\hms\debug\hms.pdb
e:\360data\重要数据\我的文档\visual studio 2013\projects\hms_bckup\hms\hms\debug\hms.tlog\cl.command.1.tlog
e:\360data\重要数据\我的文档\visual studio 2013\projects\hms_bckup\hms\hms\debug\hms.tlog\cl.read.1.tlog
e:\360data\重要数据\我的文档\visual studio 2013\projects\hms_bckup\hms\hms\debug\hms.tlog\cl.write.1.tlog
e:\360data\重要数据\我的文档\visual studio 2013\projects\hms_bckup\hms\hms\debug\hms.tlog\link.7992-cvtres.read.1.tlog
e:\360data\重要数据\我的文档\visual studio 2013\projects\hms_bckup\hms\hms\debug\hms.tlog\link.7992-cvtres.write.1.tlog
e:\360data\重要数据\我的文档\visual studio 2013\projects\hms_bckup\hms\hms\debug\hms.tlog\link.7992-rc.read.1.tlog
e:\360data\重要数据\我的文档\visual studio 2013\projects\hms_bckup\hms\hms\debug\hms.tlog\link.7992-rc.write.1.tlog
e:\360data\重要数据\我的文档\visual studio 2013\projects\hms_bckup\hms\hms\debug\hms.tlog\link.7992.read.1.tlog
e:\360data\重要数据\我的文档\visual studio 2013\projects\hms_bckup\hms\hms\debug\hms.tlog\link.7992.write.1.tlog
e:\360data\重要数据\我的文档\visual studio 2013\projects\hms_bckup\hms\hms\debug\hms.tlog\link.command.1.tlog
e:\360data\重要数据\我的文档\visual studio 2013\projects\hms_bckup\hms\hms\debug\hms.tlog\link.read.1.tlog
e:\360data\重要数据\我的文档\visual studio 2013\projects\hms_bckup\hms\hms\debug\hms.tlog\link.write.1.tlog
